4.479492187499999889e-01
0.000000000000000000e+00
1.941650390620000000e-01
4.342529296870000222e-01
0.000000000000000000e+00
3.295166015620000222e-01
0.000000000000000000e+00
0.000000000000000000e+00
1.417968749999999889e-01
0.000000000000000000e+00
4.350585937499999722e-02
3.230712890620000000e-01
0.000000000000000000e+00
2.819824218750000000e-01
6.203613281249999861e-02
1.530761718750000069e-02
0.000000000000000000e+00
0.000000000000000000e+00
0.000000000000000000e+00
9.321533203120000444e-01
0.000000000000000000e+00
0.000000000000000000e+00
0.000000000000000000e+00
5.397949218749999861e-02
1.385742187500000056e-01
1.095703125000000028e-01
1.279394531249999911e+00
0.000000000000000000e+00
1.049780273439999911e+00
0.000000000000000000e+00
1.149682617190000089e+00
2.062499999999999889e-01
0.000000000000000000e+00
1.272949218749999944e-01
0.000000000000000000e+00
4.672851562500000139e-02
0.000000000000000000e+00
0.000000000000000000e+00
3.488525390619999778e-01
0.000000000000000000e+00
1.192382812499999944e-01
1.836914062499999944e-01
0.000000000000000000e+00
0.000000000000000000e+00
6.123046875000000278e-02
5.978027343749999778e-01
0.000000000000000000e+00
1.699951171870000000e-01
0.000000000000000000e+00
0.000000000000000000e+00
2.038330078120000055e-01
0.000000000000000000e+00
0.000000000000000000e+00
0.000000000000000000e+00
4.221679687500000111e-01
0.000000000000000000e+00
1.289062499999999931e-02
2.344482421870000000e-01
0.000000000000000000e+00
1.627441406250000056e-01
0.000000000000000000e+00
3.996093749999999889e-01
0.000000000000000000e+00
0.000000000000000000e+00
0.000000000000000000e+00
0.000000000000000000e+00
0.000000000000000000e+00
4.785644531250000111e-01
0.000000000000000000e+00
2.255859375000000139e-02
3.222656250000000000e-02
0.000000000000000000e+00
4.270019531250000139e-02
0.000000000000000000e+00
5.470458984370000222e-01
0.000000000000000000e+00
5.156249999999999722e-02
2.819824218750000000e-02
0.000000000000000000e+00
0.000000000000000000e+00
0.000000000000000000e+00
0.000000000000000000e+00
2.497558593749999931e-02
4.817871093750000222e-01
6.364746093750000000e-01
4.495605468750000222e-01
0.000000000000000000e+00
0.000000000000000000e+00
0.000000000000000000e+00
0.000000000000000000e+00
0.000000000000000000e+00
0.000000000000000000e+00
1.079589843749999972e-01
1.190771484369999911e+00
0.000000000000000000e+00
0.000000000000000000e+00
1.369628906250000035e-02
0.000000000000000000e+00
0.000000000000000000e+00
0.000000000000000000e+00
6.010253906250000444e-01
4.100830078120000222e-01
0.000000000000000000e+00
2.755371093749999778e-01
1.450195312499999965e-02
1.015136718750000028e-01
0.000000000000000000e+00
0.000000000000000000e+00
0.000000000000000000e+00
0.000000000000000000e+00
0.000000000000000000e+00
1.901367187499999889e-01
0.000000000000000000e+00
0.000000000000000000e+00
7.065673828120000444e-01
0.000000000000000000e+00
1.434082031249999944e-01
0.000000000000000000e+00
0.000000000000000000e+00
0.000000000000000000e+00
0.000000000000000000e+00
0.000000000000000000e+00
0.000000000000000000e+00
0.000000000000000000e+00
8.677001953120000444e-01
1.546875000000000056e-01
3.222656249999999827e-03
4.133056640619999778e-01
0.000000000000000000e+00
3.843017578119999889e-01
0.000000000000000000e+00
2.578125000000000000e-01
5.800781249999999861e-02
0.000000000000000000e+00
4.624511718750000111e-01
0.000000000000000000e+00
0.000000000000000000e+00
1.031249999999999944e-01
0.000000000000000000e+00
2.521728515619999778e-01
1.152099609370000055e-01
0.000000000000000000e+00
3.778564453120000222e-01
0.000000000000000000e+00
2.723144531250000222e-01
1.611328125000000000e-02
1.160156249999999972e-01
0.000000000000000000e+00
0.000000000000000000e+00
0.000000000000000000e+00
1.635498046870000055e-01
2.449218750000000111e-01
1.933593750000000069e-02
3.351562499999999889e-01
0.000000000000000000e+00
0.000000000000000000e+00
2.763427734369999778e-01
5.422119140629999556e-01
5.059570312500000222e-01
3.109863281249999889e-01
3.319335937499999778e-01
0.000000000000000000e+00
1.256835937499999889e-01
0.000000000000000000e+00
1.482421875000000111e-01
3.101806640620000111e-01
0.000000000000000000e+00
4.898437500000000222e-01
4.833984375000000173e-03
0.000000000000000000e+00
3.335449218750000111e-01
3.222656250000000000e-01
0.000000000000000000e+00
5.502685546879999556e-01
5.309326171870000222e-01
4.511718750000000278e-02
0.000000000000000000e+00
8.862304687500000000e-02
0.000000000000000000e+00
6.735351562500000444e-01
0.000000000000000000e+00
0.000000000000000000e+00
0.000000000000000000e+00
2.811767578130000000e-01
0.000000000000000000e+00
4.882324218749999889e-01
0.000000000000000000e+00
0.000000000000000000e+00
3.915527343749999889e-01
1.366406250000000044e+00
6.284179687499999445e-02
2.110839843750000056e-01
0.000000000000000000e+00
0.000000000000000000e+00
0.000000000000000000e+00
0.000000000000000000e+00
0.000000000000000000e+00
6.445312500000000000e-02
0.000000000000000000e+00
3.142089843750000000e-01
0.000000000000000000e+00
3.762451171869999889e-01
0.000000000000000000e+00
0.000000000000000000e+00
0.000000000000000000e+00
0.000000000000000000e+00
0.000000000000000000e+00
0.000000000000000000e+00
3.979980468750000111e-01
1.434082031249999944e-01
7.895507812499999445e-02
3.706054687500000278e-02
1.272949218749999944e-01
0.000000000000000000e+00
0.000000000000000000e+00
0.000000000000000000e+00
1.353515624999999944e-01
0.000000000000000000e+00
0.000000000000000000e+00
5.164306640620000000e-01
3.496582031250000111e-01
0.000000000000000000e+00
0.000000000000000000e+00
8.137207031250000278e-02
0.000000000000000000e+00
0.000000000000000000e+00
0.000000000000000000e+00
0.000000000000000000e+00
3.230712890620000000e-01
0.000000000000000000e+00
7.822998046870000000e-01
0.000000000000000000e+00
0.000000000000000000e+00
0.000000000000000000e+00
0.000000000000000000e+00
2.094726562499999931e-02
0.000000000000000000e+00
1.007080078119999972e-01
1.218164062500000089e+00
0.000000000000000000e+00
0.000000000000000000e+00
0.000000000000000000e+00
0.000000000000000000e+00
5.607421875000000444e-01
0.000000000000000000e+00
0.000000000000000000e+00
8.781738281249999722e-02
3.480468749999999778e-01
9.063720703119999555e-01
0.000000000000000000e+00
0.000000000000000000e+00
7.242919921870000222e-01
1.262475585940000089e+00
1.289062499999999931e-02
0.000000000000000000e+00
2.191406250000000056e-01
1.240722656249999972e-01
9.667968750000000000e-02
9.305419921880000445e-01
5.188476562499999556e-01
0.000000000000000000e+00
0.000000000000000000e+00
0.000000000000000000e+00
0.000000000000000000e+00
0.000000000000000000e+00
5.969970703120000000e-01
5.913574218749999556e-01
3.504638671879999889e-01
1.659667968749999889e-01
0.000000000000000000e+00
0.000000000000000000e+00
2.223632812499999889e-01
1.482421875000000111e-01
0.000000000000000000e+00
0.000000000000000000e+00
8.395019531249999778e-01
7.734375000000000278e-02
0.000000000000000000e+00
1.909423828119999889e-01
1.047363281250000000e-01
0.000000000000000000e+00
3.109863281249999889e-01
2.578124999999999861e-02
3.270996093749999889e-01
7.412109375000000555e-02
0.000000000000000000e+00
0.000000000000000000e+00
0.000000000000000000e+00
3.496582031250000111e-01
1.289062499999999931e-02
0.000000000000000000e+00
1.272949218749999944e-01
2.255859375000000139e-02
2.489501953119999944e-01
1.450195312499999965e-02
0.000000000000000000e+00
2.062499999999999889e-01
2.239746093749999944e-01
2.368652343750000111e-01
1.901367187499999889e-01
2.674804687499999778e-01
8.217773437500000555e-02
9.925781249999999778e-01
1.467919921870000088e+00
4.270019531250000139e-02
5.969970703120000000e-01
1.458251953120000000e-01
3.383789062499999861e-02
0.000000000000000000e+00
2.288085937500000111e-01
6.364746093750000000e-01
1.611328124999999913e-03
0.000000000000000000e+00
0.000000000000000000e+00
6.445312499999999653e-03
0.000000000000000000e+00
6.123046875000000278e-02
0.000000000000000000e+00
4.189453124999999861e-02
0.000000000000000000e+00
0.000000000000000000e+00
1.836914062499999944e-01
0.000000000000000000e+00
0.000000000000000000e+00
0.000000000000000000e+00
4.286132812499999778e-01
1.764404296869999944e-01
0.000000000000000000e+00
0.000000000000000000e+00
0.000000000000000000e+00
2.344482421870000000e-01
1.147265624999999956e+00
0.000000000000000000e+00
3.512695312499999889e-01
1.184326171870000027e-01
3.117919921869999889e-01
0.000000000000000000e+00
1.933593750000000000e-01
0.000000000000000000e+00
2.578125000000000000e-01
0.000000000000000000e+00
0.000000000000000000e+00
7.895507812500000000e-01
0.000000000000000000e+00
0.000000000000000000e+00
5.679931640619999555e-01
4.930664062499999778e-01
2.578125000000000000e-01
2.110839843750000056e-01
6.574218750000000444e-01
9.531005859369999778e-01
0.000000000000000000e+00
0.000000000000000000e+00
5.438232421880000445e-01
0.000000000000000000e+00
5.559082031249999722e-02
1.933593750000000069e-02
0.000000000000000000e+00
1.812744140620000111e-01
0.000000000000000000e+00
0.000000000000000000e+00
5.156249999999999722e-02
2.416992187500000000e-02
8.991210937500000444e-01
6.445312499999999653e-03
2.723144531250000222e-01
3.174316406250000111e-01
0.000000000000000000e+00
0.000000000000000000e+00
3.101806640620000111e-01
0.000000000000000000e+00
0.000000000000000000e+00
0.000000000000000000e+00
1.844970703119999944e-01
7.331542968750000278e-02
0.000000000000000000e+00
0.000000000000000000e+00
0.000000000000000000e+00
0.000000000000000000e+00
4.423095703120000222e-01
0.000000000000000000e+00
1.772460937499999861e-02
0.000000000000000000e+00
0.000000000000000000e+00
3.142089843749999722e-02
0.000000000000000000e+00
5.720214843750000278e-02
0.000000000000000000e+00
0.000000000000000000e+00
0.000000000000000000e+00
0.000000000000000000e+00
4.350585937500000000e-01
0.000000000000000000e+00
0.000000000000000000e+00
0.000000000000000000e+00
1.611328125000000000e-02
0.000000000000000000e+00
0.000000000000000000e+00
2.739257812500000069e-02
4.004150390619999889e-01
0.000000000000000000e+00
0.000000000000000000e+00
2.779541015620000111e-01
1.071533203120000055e-01
6.098876953120000444e-01
0.000000000000000000e+00
0.000000000000000000e+00
4.157226562499999889e-01
4.415039062500000222e-01
0.000000000000000000e+00
0.000000000000000000e+00
0.000000000000000000e+00
0.000000000000000000e+00
4.672851562500000139e-02
1.353515624999999944e-01
0.000000000000000000e+00
6.074707031249999556e-01
0.000000000000000000e+00
9.313476562500000444e-01
1.643554687500000111e-01
8.008300781249999556e-01
3.222656249999999827e-03
2.344482421870000000e-01
2.328369140619999944e-01
0.000000000000000000e+00
1.103759765620000027e-01
1.047363281250000000e-01
0.000000000000000000e+00
0.000000000000000000e+00
9.829101562500000555e-02
0.000000000000000000e+00
1.066699218749999956e+00
0.000000000000000000e+00
0.000000000000000000e+00
0.000000000000000000e+00
0.000000000000000000e+00
0.000000000000000000e+00
0.000000000000000000e+00
0.000000000000000000e+00
1.611328125000000000e-01
1.321289062500000111e-01
0.000000000000000000e+00
0.000000000000000000e+00
0.000000000000000000e+00
0.000000000000000000e+00
0.000000000000000000e+00
9.667968750000000347e-03
2.602294921869999778e-01
4.672851562500000000e-01
6.324462890619999555e-01
0.000000000000000000e+00
0.000000000000000000e+00
0.000000000000000000e+00
0.000000000000000000e+00
4.060546875000000111e-01
1.275366210939999911e+00
2.481445312499999944e-01
0.000000000000000000e+00
0.000000000000000000e+00
0.000000000000000000e+00
0.000000000000000000e+00
1.675781249999999944e-01
0.000000000000000000e+00
0.000000000000000000e+00
7.355712890619999778e-01
0.000000000000000000e+00
0.000000000000000000e+00
0.000000000000000000e+00
0.000000000000000000e+00
9.369873046869999778e-01
0.000000000000000000e+00
0.000000000000000000e+00
3.222656250000000000e-01
7.726318359370000222e-01
7.097900390620000000e-01
2.062499999999999889e-01
0.000000000000000000e+00
8.967041015619999778e-01
1.740234374999999889e-01
0.000000000000000000e+00
0.000000000000000000e+00
0.000000000000000000e+00
0.000000000000000000e+00
5.414062499999999778e-01
3.528808593750000222e-01
0.000000000000000000e+00
2.562011718750000222e-01
0.000000000000000000e+00
0.000000000000000000e+00
2.618408203120000111e-01
2.707031249999999889e-01
0.000000000000000000e+00
3.053466796880000000e-01
8.620605468750000555e-02
4.165283203119999889e-01
0.000000000000000000e+00
3.222656250000000000e-02
0.000000000000000000e+00
0.000000000000000000e+00
2.046386718750000111e-01
9.909667968749999445e-02
0.000000000000000000e+00
0.000000000000000000e+00
1.063476562500000056e-01
0.000000000000000000e+00
1.426025390629999945e-01
3.633544921870000000e-01
1.691894531250000000e-01
1.264892578129999945e-01
2.642578125000000222e-01
1.579101562499999889e-01
6.606445312500000555e-02
0.000000000000000000e+00
0.000000000000000000e+00
2.900390624999999931e-02
0.000000000000000000e+00
2.416992187500000000e-01
0.000000000000000000e+00
5.510742187499999556e-01
1.135986328120000000e-01
3.101806640620000111e-01
1.119873046869999944e-01
0.000000000000000000e+00
0.000000000000000000e+00
1.248779296880000028e-01
0.000000000000000000e+00
0.000000000000000000e+00
5.784667968750000222e-01
1.015136718750000028e-01
0.000000000000000000e+00
2.578125000000000000e-01
2.594238281249999778e-01
0.000000000000000000e+00
0.000000000000000000e+00
4.020263671870000222e-01
0.000000000000000000e+00
0.000000000000000000e+00
4.455322265619999778e-01
3.303222656250000278e-02
2.795654296869999889e-01
0.000000000000000000e+00
4.431152343750000000e-02
0.000000000000000000e+00
8.781738281249999722e-02
0.000000000000000000e+00
1.450195312499999965e-02
3.464355468750000139e-02
0.000000000000000000e+00
3.222656250000000000e-02
3.061523437500000000e-01
1.651611328120000111e-01
0.000000000000000000e+00
2.215576171879999889e-01
2.062499999999999889e-01
0.000000000000000000e+00
0.000000000000000000e+00
0.000000000000000000e+00
0.000000000000000000e+00
0.000000000000000000e+00
0.000000000000000000e+00
1.272949218749999944e-01
0.000000000000000000e+00
0.000000000000000000e+00
0.000000000000000000e+00
2.900390625000000000e-01
7.267089843749999778e-01
1.232666015620000055e-01
0.000000000000000000e+00
2.843994140619999778e-01
0.000000000000000000e+00
0.000000000000000000e+00
0.000000000000000000e+00
1.229443359380000045e+00
0.000000000000000000e+00
1.772460937499999861e-02
3.125976562500000222e-01
4.189453124999999861e-02
1.546875000000000056e-01
0.000000000000000000e+00
0.000000000000000000e+00
0.000000000000000000e+00
0.000000000000000000e+00
3.544921874999999722e-02
5.969970703120000000e-01
3.270996093749999889e-01
5.365722656250000444e-01
2.658691406250000139e-02
1.264892578129999945e-01
0.000000000000000000e+00
0.000000000000000000e+00
4.052490234369999778e-01
5.043457031250000444e-01
0.000000000000000000e+00
0.000000000000000000e+00
0.000000000000000000e+00
0.000000000000000000e+00
0.000000000000000000e+00
0.000000000000000000e+00
4.672851562500000139e-02
2.416992187500000000e-02
1.272949218749999944e-01
6.687011718749999445e-02
1.482421875000000111e-01
0.000000000000000000e+00
0.000000000000000000e+00
8.314453124999999778e-01
0.000000000000000000e+00
0.000000000000000000e+00
4.189453124999999861e-02
0.000000000000000000e+00
2.739257812500000069e-02
4.060546875000000111e-01
0.000000000000000000e+00
0.000000000000000000e+00
0.000000000000000000e+00
4.584228515620000222e-01
0.000000000000000000e+00
0.000000000000000000e+00
2.481445312499999944e-01
9.104003906249999445e-02
1.111816406250000000e+00
6.928710937500000000e-01
4.833984375000000173e-03
0.000000000000000000e+00
0.000000000000000000e+00
1.369628906250000035e-02
4.012207031250000222e-01
8.862304687500000000e-02
1.643554687500000111e-01
3.923583984369999889e-01
0.000000000000000000e+00
0.000000000000000000e+00
0.000000000000000000e+00
2.658691406250000139e-02
1.619384765620000000e-01
0.000000000000000000e+00
0.000000000000000000e+00
0.000000000000000000e+00
0.000000000000000000e+00
1.160156249999999972e-01
5.704101562500000222e-01
0.000000000000000000e+00
3.561035156249999778e-01
2.980957031249999861e-02
0.000000000000000000e+00
1.416357421869999911e+00
3.045410156250000222e-01
1.498535156249999889e-01
5.269042968749999556e-01
1.466308593750000056e-01
4.028320312500000000e-02
0.000000000000000000e+00
0.000000000000000000e+00
0.000000000000000000e+00
9.506835937499999445e-02
0.000000000000000000e+00
0.000000000000000000e+00
1.450195312499999965e-02
0.000000000000000000e+00
0.000000000000000000e+00
0.000000000000000000e+00
1.772460937499999861e-02
3.955810546870000000e-01
2.578124999999999861e-02
0.000000000000000000e+00
0.000000000000000000e+00
0.000000000000000000e+00
2.151123046869999889e-01
0.000000000000000000e+00
0.000000000000000000e+00
0.000000000000000000e+00
0.000000000000000000e+00
0.000000000000000000e+00
0.000000000000000000e+00
0.000000000000000000e+00
0.000000000000000000e+00
1.176269531250000028e-01
0.000000000000000000e+00
0.000000000000000000e+00
0.000000000000000000e+00
0.000000000000000000e+00
0.000000000000000000e+00
2.255859375000000139e-02
0.000000000000000000e+00
0.000000000000000000e+00
0.000000000000000000e+00
0.000000000000000000e+00
3.786621093750000000e-01
0.000000000000000000e+00
0.000000000000000000e+00
5.502685546879999556e-01
2.924560546869999778e-01
2.296142578120000111e-01
0.000000000000000000e+00
8.701171875000000000e-01
0.000000000000000000e+00
1.450195312500000000e-01
0.000000000000000000e+00
0.000000000000000000e+00
0.000000000000000000e+00
7.895507812500000000e-01
2.408935546869999944e-01
0.000000000000000000e+00
2.634521484369999889e-01
4.511718750000000278e-02
0.000000000000000000e+00
1.031249999999999944e-01
4.294189453119999778e-01
0.000000000000000000e+00
0.000000000000000000e+00
0.000000000000000000e+00
3.327392578119999778e-01
0.000000000000000000e+00
0.000000000000000000e+00
0.000000000000000000e+00
0.000000000000000000e+00
0.000000000000000000e+00
0.000000000000000000e+00
0.000000000000000000e+00
0.000000000000000000e+00
0.000000000000000000e+00
0.000000000000000000e+00
0.000000000000000000e+00
3.520751953119999889e-01
1.885253906250000111e-01
0.000000000000000000e+00
0.000000000000000000e+00
1.135986328120000000e-01
6.203613281249999861e-02
1.047363281249999965e-02
2.497558593749999931e-02
0.000000000000000000e+00
0.000000000000000000e+00
0.000000000000000000e+00
1.675781249999999944e-01
0.000000000000000000e+00
1.740234374999999889e-01
0.000000000000000000e+00
0.000000000000000000e+00
5.639648437500000000e-02
0.000000000000000000e+00
0.000000000000000000e+00
0.000000000000000000e+00
2.416992187500000000e-02
3.206542968750000222e-01
1.031249999999999944e-01
0.000000000000000000e+00
0.000000000000000000e+00
4.833984375000000173e-03
5.067626953120000222e-01
9.539062499999999556e-01
1.182714843749999911e+00
2.578124999999999861e-02
0.000000000000000000e+00
0.000000000000000000e+00
0.000000000000000000e+00
1.208496093750000000e-01
0.000000000000000000e+00
1.169018554690000045e+00
0.000000000000000000e+00
4.519775390620000000e-01
8.701171874999999445e-02
0.000000000000000000e+00
1.256835937499999889e-01
2.924560546869999778e-01
0.000000000000000000e+00
5.091796874999999778e-01
1.691894531249999931e-02
3.109863281249999889e-01
2.022216796870000000e-01
4.858154296869999778e-01
0.000000000000000000e+00
0.000000000000000000e+00
0.000000000000000000e+00
8.258056640619999555e-01
4.108886718750000278e-02
0.000000000000000000e+00
3.673828124999999889e-01
6.735351562500000444e-01
1.683837890619999944e-01
3.125976562500000222e-01
0.000000000000000000e+00
0.000000000000000000e+00
3.681884765619999889e-01
0.000000000000000000e+00
4.390869140620000111e-01
0.000000000000000000e+00
8.491699218749999556e-01
4.624511718750000111e-01
0.000000000000000000e+00
0.000000000000000000e+00
0.000000000000000000e+00
5.027343749999999556e-01
8.540039062500000278e-02
1.973876953120000111e-01
0.000000000000000000e+00
0.000000000000000000e+00
0.000000000000000000e+00
0.000000000000000000e+00
1.336596679689999956e+00
8.056640625000000000e-03
2.964843750000000222e-01
0.000000000000000000e+00
0.000000000000000000e+00
3.093750000000000111e-01
5.124023437500000444e-01
2.803710937500000222e-01
3.689941406250000222e-01
0.000000000000000000e+00
2.094726562499999931e-02
4.672851562500000139e-02
2.835937499999999778e-01
3.270996093749999889e-01
0.000000000000000000e+00
7.178466796870000000e-01
8.411132812499999556e-01
0.000000000000000000e+00
2.940673828120000111e-01
1.611328125000000000e+00
0.000000000000000000e+00
0.000000000000000000e+00
2.715087890619999889e-01
0.000000000000000000e+00
0.000000000000000000e+00
0.000000000000000000e+00
3.657714843750000111e-01
5.156249999999999722e-02
0.000000000000000000e+00
2.143066406249999889e-01
1.087646484380000028e-01
0.000000000000000000e+00
0.000000000000000000e+00
2.239746093749999944e-01
0.000000000000000000e+00
0.000000000000000000e+00
1.086840820309999955e+00
0.000000000000000000e+00
0.000000000000000000e+00
3.544921874999999722e-02
0.000000000000000000e+00
3.270996093749999889e-01
0.000000000000000000e+00
0.000000000000000000e+00
0.000000000000000000e+00
0.000000000000000000e+00
1.329345703120000111e-01
2.312255859369999889e-01
0.000000000000000000e+00
0.000000000000000000e+00
1.321289062500000111e-01
4.205566406249999778e-01
0.000000000000000000e+00
0.000000000000000000e+00
0.000000000000000000e+00
1.724121093750000111e-01
2.465332031249999889e-01
1.981933593749999889e-01
3.109863281249999889e-01
2.964843750000000222e-01
8.056640625000000000e-02
9.257080078120000222e-01
1.691894531249999931e-02
0.000000000000000000e+00
6.010253906250000444e-01
0.000000000000000000e+00
0.000000000000000000e+00
0.000000000000000000e+00
0.000000000000000000e+00
0.000000000000000000e+00
0.000000000000000000e+00
0.000000000000000000e+00
0.000000000000000000e+00
5.406005859370000000e-01
0.000000000000000000e+00
3.029296874999999889e-01
2.481445312499999944e-01
3.013183593750000111e-01
3.303222656250000278e-02
7.976074218749999722e-02
0.000000000000000000e+00
7.492675781249999445e-02
0.000000000000000000e+00
2.529785156250000111e-01
0.000000000000000000e+00
0.000000000000000000e+00
7.814941406250000555e-02
0.000000000000000000e+00
1.998046874999999944e-01
0.000000000000000000e+00
0.000000000000000000e+00
0.000000000000000000e+00
4.914550781250000278e-02
3.399902343749999778e-01
2.578124999999999861e-02
8.056640625000000000e-03
7.250976562500000000e-01
0.000000000000000000e+00
0.000000000000000000e+00
2.900390624999999931e-02
0.000000000000000000e+00
0.000000000000000000e+00
0.000000000000000000e+00
0.000000000000000000e+00
0.000000000000000000e+00
0.000000000000000000e+00
6.461425781249999778e-01
0.000000000000000000e+00
7.492675781249999445e-02
0.000000000000000000e+00
0.000000000000000000e+00
0.000000000000000000e+00
0.000000000000000000e+00
0.000000000000000000e+00
0.000000000000000000e+00
7.919677734369999778e-01
0.000000000000000000e+00
2.046386718750000111e-01
0.000000000000000000e+00
2.819824218750000000e-02
9.748535156250000278e-02
0.000000000000000000e+00
0.000000000000000000e+00
1.828857421869999889e-01
3.915527343749999889e-01
0.000000000000000000e+00
0.000000000000000000e+00
9.579345703120000222e-01
0.000000000000000000e+00
3.480468749999999778e-01
2.803710937500000222e-01
0.000000000000000000e+00
1.691894531249999931e-02
4.705078125000000111e-01
0.000000000000000000e+00
7.307373046870000444e-01
0.000000000000000000e+00
2.497558593750000000e-01
9.587402343749999722e-02
1.179492187499999956e+00
0.000000000000000000e+00
0.000000000000000000e+00
0.000000000000000000e+00
1.611328125000000000e-02
4.350585937500000000e-01
1.285034179690000000e+00
0.000000000000000000e+00
3.359619140619999889e-01
1.376074218749999911e+00
0.000000000000000000e+00
2.271972656250000056e-01
0.000000000000000000e+00
2.811767578130000000e-01
1.111816406249999944e-01
0.000000000000000000e+00
5.526855468750000444e-01
1.042529296869999955e+00
0.000000000000000000e+00
3.432128906249999889e-01
6.445312500000000000e-02
8.378906249999999722e-02
0.000000000000000000e+00
3.899414062500000111e-01
1.031249999999999944e-01
4.350585937499999722e-02
1.965820312500000111e-01
0.000000000000000000e+00
0.000000000000000000e+00
7.009277343750000555e-02
0.000000000000000000e+00
0.000000000000000000e+00
2.787597656249999889e-01
4.229736328120000111e-01
1.611328124999999913e-03
2.094726562499999931e-02
3.142089843750000000e-01
2.739257812500000069e-02
0.000000000000000000e+00
3.851074218750000222e-01
9.611572265619999778e-01
0.000000000000000000e+00
6.767578124999999722e-02
0.000000000000000000e+00
2.642578125000000222e-01
2.014160156250000000e-01
0.000000000000000000e+00
2.739257812500000069e-02
0.000000000000000000e+00
5.156249999999999722e-02
0.000000000000000000e+00
1.909423828119999889e-01
7.710205078120000444e-01
0.000000000000000000e+00
0.000000000000000000e+00
0.000000000000000000e+00
6.445312499999999653e-03
0.000000000000000000e+00
1.740234374999999889e-01
0.000000000000000000e+00
6.195556640620000222e-01
0.000000000000000000e+00
0.000000000000000000e+00
2.578124999999999861e-02
0.000000000000000000e+00
4.028320312500000000e-03
1.256835937499999889e-01
1.144042968750000000e+00
0.000000000000000000e+00
1.828857421869999889e-01
3.577148437500000111e-01
0.000000000000000000e+00
3.867187500000000139e-02
0.000000000000000000e+00
3.359619140619999889e-01
0.000000000000000000e+00
2.014160156250000000e-02
1.273754882810000044e+00
2.191406250000000056e-01
0.000000000000000000e+00
0.000000000000000000e+00
2.255859375000000139e-02
0.000000000000000000e+00
3.270996093749999889e-01
0.000000000000000000e+00
1.998046874999999944e-01
5.559082031250000000e-01
0.000000000000000000e+00
0.000000000000000000e+00
0.000000000000000000e+00
3.464355468750000000e-01
2.191406250000000056e-01
0.000000000000000000e+00
0.000000000000000000e+00
4.592285156250000000e-01
0.000000000000000000e+00
9.216796874999999556e-01
3.383789062500000000e-01
0.000000000000000000e+00
0.000000000000000000e+00
0.000000000000000000e+00
3.375732421870000222e-01
0.000000000000000000e+00
2.642578125000000222e-01
5.720214843750000278e-02
0.000000000000000000e+00
5.293212890620000444e-01
2.674804687499999778e-01
0.000000000000000000e+00
0.000000000000000000e+00
1.200439453119999944e-01
0.000000000000000000e+00
4.995117187500000000e-01
0.000000000000000000e+00
0.000000000000000000e+00
1.289062499999999931e-02
2.473388671869999889e-01
0.000000000000000000e+00
0.000000000000000000e+00
1.005468749999999911e+00
0.000000000000000000e+00
1.691894531250000000e-01
1.255224609369999911e+00
0.000000000000000000e+00
0.000000000000000000e+00
8.765625000000000222e-01
1.788574218750000056e-01
1.450195312499999965e-02
1.047363281249999965e-02
7.412109375000000555e-02
9.345703125000000278e-02
0.000000000000000000e+00
1.289062499999999931e-02
0.000000000000000000e+00
0.000000000000000000e+00
5.937744140620000444e-01
1.208496093750000000e-01
0.000000000000000000e+00
7.009277343750000555e-02
2.884277343750000222e-01
3.254882812500000111e-01
0.000000000000000000e+00
9.313476562500000444e-01
1.442944335940000045e+00
4.495605468750000222e-01
2.852050781250000111e-01
1.047363281249999965e-02
5.438232421880000445e-01
0.000000000000000000e+00
0.000000000000000000e+00
2.312255859369999889e-01
4.632568359379999889e-01
0.000000000000000000e+00
4.060546875000000111e-01
1.393798828120000055e-01
3.996093749999999889e-01
0.000000000000000000e+00
6.799804687499999556e-01
0.000000000000000000e+00
7.412109375000000555e-02
5.156249999999999722e-02
5.317382812500000278e-02
0.000000000000000000e+00
0.000000000000000000e+00
0.000000000000000000e+00
1.699951171870000000e-01
0.000000000000000000e+00
0.000000000000000000e+00
0.000000000000000000e+00
0.000000000000000000e+00
0.000000000000000000e+00
6.437255859370000222e-01
2.658691406250000139e-02
1.256835937499999889e-01
1.643554687500000111e-01
3.625488281250000000e-01
0.000000000000000000e+00
0.000000000000000000e+00
0.000000000000000000e+00
0.000000000000000000e+00
0.000000000000000000e+00
0.000000000000000000e+00
0.000000000000000000e+00
0.000000000000000000e+00
0.000000000000000000e+00
0.000000000000000000e+00
0.000000000000000000e+00
1.305175781250000056e-01
0.000000000000000000e+00
1.611328125000000000e-02
0.000000000000000000e+00
7.734375000000000278e-02
9.023437500000000000e-01
0.000000000000000000e+00
0.000000000000000000e+00
2.997070312499999778e-01
0.000000000000000000e+00
2.884277343750000222e-01
4.423095703120000222e-01
4.511718750000000000e-01
0.000000000000000000e+00
0.000000000000000000e+00
2.086669921869999944e-01
8.056640625000000000e-03
2.416992187500000000e-01
5.953857421870000222e-01
0.000000000000000000e+00
0.000000000000000000e+00
0.000000000000000000e+00
0.000000000000000000e+00
8.056640624999999566e-04
3.061523437500000139e-02
0.000000000000000000e+00
0.000000000000000000e+00
0.000000000000000000e+00
2.819824218750000000e-02
0.000000000000000000e+00
3.673828124999999889e-01
1.170629882809999911e+00
1.933593750000000069e-02
0.000000000000000000e+00
0.000000000000000000e+00
0.000000000000000000e+00
0.000000000000000000e+00
4.930664062499999778e-01
0.000000000000000000e+00
8.604492187500000222e-01
0.000000000000000000e+00
9.667968750000000347e-03
0.000000000000000000e+00
5.107910156249999556e-01
0.000000000000000000e+00
7.081787109370000222e-01
0.000000000000000000e+00
1.611328125000000000e-01
2.094726562499999931e-02
0.000000000000000000e+00
0.000000000000000000e+00
6.944824218749999778e-01
1.583935546870000044e+00
0.000000000000000000e+00
3.706054687500000278e-02
0.000000000000000000e+00
1.458251953120000000e-01
7.573242187499999722e-02
3.125976562500000222e-01
2.682861328119999778e-01
0.000000000000000000e+00
0.000000000000000000e+00
0.000000000000000000e+00
0.000000000000000000e+00
7.436279296869999778e-01
0.000000000000000000e+00
0.000000000000000000e+00
0.000000000000000000e+00
0.000000000000000000e+00
7.154296875000000222e-01
0.000000000000000000e+00
0.000000000000000000e+00
0.000000000000000000e+00
3.125976562500000222e-01
4.108886718750000278e-02
1.885253906250000111e-01
9.667968750000000000e-02
0.000000000000000000e+00
9.184570312499999722e-02
8.378906249999999722e-02
1.450195312499999965e-02
1.127929687500000069e-02
0.000000000000000000e+00
2.932617187500000111e-01
5.913574218749999556e-01
2.046386718750000111e-01
8.701171874999999445e-02
0.000000000000000000e+00
8.338623046880000445e-01
0.000000000000000000e+00
5.849121093750000444e-01
0.000000000000000000e+00
7.976074218749999722e-02
0.000000000000000000e+00
7.895507812499999445e-02
0.000000000000000000e+00
1.111816406249999944e-01
5.696044921870000444e-01
1.409106445309999955e+00
2.747314453120000000e-01
2.296142578120000111e-01
2.940673828120000111e-01
0.000000000000000000e+00
0.000000000000000000e+00
0.000000000000000000e+00
5.252929687499999778e-01
0.000000000000000000e+00
4.189453124999999861e-02
0.000000000000000000e+00
0.000000000000000000e+00
0.000000000000000000e+00
0.000000000000000000e+00
1.007885742190000045e+00
0.000000000000000000e+00
0.000000000000000000e+00
0.000000000000000000e+00
4.648681640619999889e-01
0.000000000000000000e+00
3.254882812500000111e-01
1.853027343750000139e-02
0.000000000000000000e+00
0.000000000000000000e+00
0.000000000000000000e+00
0.000000000000000000e+00
3.867187500000000000e-01
0.000000000000000000e+00
7.138183593750000444e-01
0.000000000000000000e+00
0.000000000000000000e+00
1.079589843749999972e-01
0.000000000000000000e+00
2.602294921869999778e-01
1.748291015619999889e-01
1.111816406249999944e-01
0.000000000000000000e+00
0.000000000000000000e+00
5.760498046880000445e-01
0.000000000000000000e+00
4.108886718750000000e-01
5.140136718750000222e-01
