0.000000000000000000e+00
0.000000000000000000e+00
1.740234374999999889e-01
0.000000000000000000e+00
3.238769531249999778e-01
0.000000000000000000e+00
1.691894531250000000e-01
2.795654296880000000e+00
2.191406250000000056e-01
2.835937499999999778e-01
4.471435546879999889e-01
6.187500000000000222e-01
1.611328124999999913e-03
3.738281250000000111e-01
9.023437500000000555e-02
8.515869140620000444e-01
6.203613281249999861e-02
3.005126953119999778e-01
2.207519531250000111e-01
3.367675781250000222e-01
1.060253906250000044e+00
1.426025390629999945e-01
0.000000000000000000e+00
5.849121093750000444e-01
0.000000000000000000e+00
0.000000000000000000e+00
7.057617187500000444e-01
1.933593750000000069e-02
7.855224609380000445e-01
8.056640625000000000e-03
3.883300781249999778e-01
1.313232421870000055e-01
1.870751953120000088e+00
7.275146484369999778e-01
0.000000000000000000e+00
2.255859375000000139e-02
1.297119140620000000e-01
2.843994140619999778e-01
2.384765624999999889e-01
3.061523437500000139e-02
0.000000000000000000e+00
3.246826171869999778e-01
5.671874999999999556e-01
2.868969726560000044e+00
6.767578124999999722e-02
3.254882812500000111e-01
0.000000000000000000e+00
0.000000000000000000e+00
0.000000000000000000e+00
7.557128906250000222e-01
0.000000000000000000e+00
0.000000000000000000e+00
3.577148437500000111e-01
8.588378906250000444e-01
1.716064453120000055e-01
1.007080078119999972e-01
4.108886718750000000e-01
9.087890625000000222e-01
4.052490234369999778e-01
3.875244140620000000e-01
1.546875000000000056e-01
1.450195312500000000e-01
0.000000000000000000e+00
0.000000000000000000e+00
0.000000000000000000e+00
4.552001953120000111e-01
3.335449218750000111e-01
0.000000000000000000e+00
1.530761718750000000e+00
3.665771484379999889e-01
5.800781249999999861e-02
2.868164062499999889e-01
9.667968750000000000e-02
2.779541015620000111e-01
3.609375000000000222e-01
1.233471679690000045e+00
1.488867187499999911e+00
1.224609375000000056e-01
2.830297851560000133e+00
2.159179687499999944e-01
2.078613281249999944e-01
3.109863281249999889e-01
2.255859375000000000e-01
0.000000000000000000e+00
1.467114257810000044e+00
4.060546875000000111e-01
3.061523437500000139e-02
4.672851562500000139e-02
1.401049804689999956e+00
3.520751953119999889e-01
2.586181640620000000e-01
3.037353515619999889e-01
0.000000000000000000e+00
4.044433593749999778e-01
1.651611328120000111e-01
1.805493164060000044e+00
1.272949218749999944e-01
1.683837890620000000e+00
1.752319335940000000e+00
3.005126953119999778e-01
5.438232421880000445e-01
2.086669921869999944e-01
2.078613281249999944e-01
1.224609375000000056e-01
1.281005859369999944e-01
8.830078125000000444e-01
2.384765624999999889e-01
0.000000000000000000e+00
5.397949218749999861e-02
2.813378906250000089e+00
7.968017578120000222e-01
6.445312500000000000e-02
2.860107421880000000e+00
2.674804687499999778e-01
3.383789062500000000e-01
1.353515624999999944e-01
3.391845703120000000e-01
3.061523437500000000e-01
1.695922851560000000e+00
9.023437500000000555e-02
3.818847656250000111e-01
1.804687500000000111e-01
0.000000000000000000e+00
2.773901367190000133e+00
2.868164062499999889e-01
0.000000000000000000e+00
4.431152343750000000e-01
6.042480468750000000e-02
3.327392578119999778e-01
2.521728515619999778e-01
2.843994140619999778e-01
4.511718750000000278e-02
0.000000000000000000e+00
1.708007812500000056e-01
0.000000000000000000e+00
0.000000000000000000e+00
1.337402343749999889e-01
0.000000000000000000e+00
5.607421875000000444e-01
0.000000000000000000e+00
0.000000000000000000e+00
7.250976562500000000e-02
0.000000000000000000e+00
1.998046874999999944e-01
0.000000000000000000e+00
5.397949218749999861e-02
1.611328124999999913e-03
1.240722656249999972e-01
3.544921874999999722e-02
1.877197265620000055e-01
0.000000000000000000e+00
0.000000000000000000e+00
1.127929687500000000e-01
0.000000000000000000e+00
1.788574218750000056e-01
5.897460937499999778e-01
5.156249999999999722e-02
0.000000000000000000e+00
6.767578124999999722e-02
8.056640625000000000e-03
1.434082031249999944e-01
1.554931640620000055e-01
0.000000000000000000e+00
0.000000000000000000e+00
8.540039062500000278e-02
0.000000000000000000e+00
2.859301757809999955e+00
3.222656250000000000e-02
2.578124999999999861e-02
1.393798828120000055e-01
2.940673828120000111e-01
1.057031250000000089e+00
1.917480468749999944e-01
5.381835937500000222e-01
1.482421875000000111e-01
1.265698242190000045e+00
2.771484375000000111e-01
3.528808593750000222e-01
1.285034179690000000e+00
1.225415039060000044e+00
3.536865234370000222e-01
2.771484375000000111e-01
3.480468749999999778e-01
1.329345703120000111e-01
2.416992187500000000e-01
5.849121093750000444e-01
3.778564453120000222e-01
2.707031249999999889e-01
1.683837890619999944e-01
8.016357421880000445e-01
2.255859375000000139e-02
7.089843749999999445e-02
2.352539062500000056e-01
1.675781249999999944e-01
2.416992187500000000e-01
1.998046874999999944e-01
4.672851562500000000e-01
4.060546875000000111e-01
0.000000000000000000e+00
2.223632812499999889e-01
1.498535156249999889e-01
4.028320312500000000e-02
0.000000000000000000e+00
9.829101562500000555e-02
0.000000000000000000e+00
3.464355468750000139e-02
3.955810546870000000e-01
2.707031249999999889e-01
1.957763671870000055e-01
0.000000000000000000e+00
1.385742187500000056e-01
5.494628906249999778e-01
0.000000000000000000e+00
0.000000000000000000e+00
0.000000000000000000e+00
1.641943359369999911e+00
0.000000000000000000e+00
4.108886718750000278e-02
1.981933593749999889e-01
7.984130859370000000e-01
2.997070312499999778e-01
1.078784179689999956e+00
0.000000000000000000e+00
0.000000000000000000e+00
2.159179687499999944e-01
1.329345703120000111e-01
1.160156250000000000e+00
0.000000000000000000e+00
6.123046875000000278e-02
1.676586914060000044e+00
1.554931640620000055e-01
4.028320312500000000e-03
2.030273437500000056e-01
1.132763671880000045e+00
0.000000000000000000e+00
0.000000000000000000e+00
1.031249999999999944e-01
2.578124999999999861e-02
3.778564453120000222e-01
9.313476562500000444e-01
3.867187500000000139e-02
2.400878906249999944e-01
2.392822265619999889e-01
5.542968750000000222e-01
3.996093749999999889e-01
4.124999999999999778e-01
0.000000000000000000e+00
1.144042968750000056e-01
1.562988281250000111e-01
2.352539062500000056e-01
6.203613281250000000e-01
4.527832031249999778e-01
4.560058593749999889e-01
3.254882812500000111e-01
2.795654296869999889e-01
1.127929687500000069e-02
0.000000000000000000e+00
0.000000000000000000e+00
4.133056640619999778e-01
2.835937499999999778e-01
1.426025390629999945e-01
1.772460937500000000e-01
1.406689453120000044e+00
1.350292968750000044e+00
2.191406250000000056e-01
7.976074218749999722e-02
6.123046875000000000e-01
7.291259765619999555e-01
6.807861328119999555e-01
2.210742187500000178e+00
0.000000000000000000e+00
0.000000000000000000e+00
0.000000000000000000e+00
4.431152343750000000e-01
2.110839843750000056e-01
7.605468749999999556e-01
3.738281250000000111e-01
1.466308593750000056e-01
2.795654296869999889e-01
1.836914062499999944e-01
8.121093750000000222e-01
1.240722656249999972e-01
4.914550781250000278e-02
3.996093749999999889e-01
2.191406250000000056e-01
3.794677734370000000e-01
3.061523437500000000e-01
1.637915039059999911e+00
0.000000000000000000e+00
2.223632812499999889e-01
0.000000000000000000e+00
2.465332031249999889e-01
1.071533203120000055e-01
0.000000000000000000e+00
2.151123046869999889e-01
0.000000000000000000e+00
0.000000000000000000e+00
0.000000000000000000e+00
8.137207031250000278e-02
2.682861328119999778e-01
2.803710937500000222e-01
1.063476562500000056e-01
5.679931640619999555e-01
4.036376953120000000e-01
1.353515624999999944e-01
2.215576171879999889e-01
0.000000000000000000e+00
0.000000000000000000e+00
2.626464843749999889e-01
9.184570312499999722e-02
3.577148437500000111e-01
1.522705078119999944e-01
0.000000000000000000e+00
6.719238281249999556e-01
3.254882812500000111e-01
1.646777343749999956e+00
2.384765624999999889e-01
3.037353515619999889e-01
3.383789062499999861e-02
0.000000000000000000e+00
1.095703125000000028e-01
1.627441406250000056e-01
8.958984374999999778e-01
2.158374023439999956e+00
1.208496093750000000e-01
3.552978515620000000e-01
1.127929687500000000e-01
0.000000000000000000e+00
2.389599609369999822e+00
4.463378906250000111e-01
1.450195312499999965e-02
5.059570312500000222e-01
2.875415039059999955e+00
7.492675781249999445e-02
8.701171874999999445e-02
1.619384765620000000e-01
1.684643554690000045e+00
0.000000000000000000e+00
7.154296875000000222e-01
2.416992187500000000e-02
2.255859375000000000e-01
3.109863281249999889e-01
2.014160156250000000e-01
3.617431640620000222e-01
3.448242187500000222e-01
6.968994140619999555e-01
7.009277343750000000e-01
0.000000000000000000e+00
3.013183593750000111e-01
2.707031249999999889e-01
7.847167968749999556e-01
0.000000000000000000e+00
0.000000000000000000e+00
4.278076171870000000e-01
2.807739257810000222e+00
0.000000000000000000e+00
0.000000000000000000e+00
8.266113281250000444e-01
3.706054687500000000e-01
8.781738281249999722e-02
8.338623046880000445e-01
3.963867187499999778e-01
7.412109375000000555e-02
6.783691406249999778e-01
0.000000000000000000e+00
1.289062499999999931e-02
3.641601562499999778e-01
2.014160156250000000e-01
3.117919921869999889e-01
0.000000000000000000e+00
1.463891601560000089e+00
2.835937499999999778e-01
0.000000000000000000e+00
0.000000000000000000e+00
3.625488281250000000e-02
2.835937499999999778e-01
1.240722656249999972e-01
2.336425781250000069e-02
1.643554687500000111e-01
1.103759765620000027e-01
3.625488281250000000e-01
3.665771484379999889e-01
2.778735351559999955e+00
7.589355468749999778e-01
4.833984375000000000e-02
1.836914062499999944e-01
0.000000000000000000e+00
2.879443359370000177e+00
5.961914062500000000e-01
2.964843750000000222e-01
1.985961914060000000e+00
1.708007812500000056e-01
2.231689453119999889e-01
1.595214843749999944e-01
1.836914062499999944e-01
4.286132812499999778e-01
1.764404296869999944e-01
1.417968749999999889e-01
9.667968750000000000e-02
0.000000000000000000e+00
1.305175781250000056e-01
2.798876953120000177e+00
2.336425781250000069e-02
3.142089843750000000e-01
3.279052734369999889e-01
9.265136718750000000e-01
2.964843750000000222e-01
1.611328124999999913e-03
2.014160156250000000e-01
2.779541015620000111e-01
3.673828124999999889e-01
3.383789062500000000e-01
5.309326171870000222e-01
1.941650390620000000e-01
5.317382812500000278e-02
1.136791992190000045e+00
1.289062500000000000e-01
3.359619140619999889e-01
5.575195312499999778e-01
0.000000000000000000e+00
1.049780273439999911e+00
2.465332031249999889e-01
9.023437500000000555e-02
0.000000000000000000e+00
5.478515625000000139e-02
3.706054687500000000e-01
0.000000000000000000e+00
2.805322265620000088e+00
3.061523437500000000e-01
0.000000000000000000e+00
1.603271484369999944e-01
5.945800781250000222e-01
1.700756835940000045e+00
3.979980468750000111e-01
2.489501953119999944e-01
1.753125000000000044e+00
1.224609375000000056e-01
2.118896484370000055e-01
3.947753906249999722e-02
0.000000000000000000e+00
2.610351562500000111e-01
2.857690429689999867e+00
3.246826171869999778e-01
8.378906249999999722e-02
3.319335937499999778e-01
0.000000000000000000e+00
1.780517578120000000e-01
0.000000000000000000e+00
2.658691406250000139e-02
3.142089843749999722e-02
4.189453124999999861e-02
2.038330078120000055e-01
1.933593750000000000e-01
2.739257812500000000e-01
0.000000000000000000e+00
8.322509765619999778e-01
7.734375000000000278e-02
1.119873046869999944e-01
1.289062499999999931e-02
5.712158203120000222e-01
2.763427734369999778e-01
0.000000000000000000e+00
1.371240234370000088e+00
3.069580078120000000e-01
0.000000000000000000e+00
3.375732421870000222e-01
0.000000000000000000e+00
5.542968750000000222e-01
3.238769531249999778e-01
6.622558593749999778e-01
1.998046874999999944e-01
0.000000000000000000e+00
3.238769531249999778e-01
3.093750000000000111e-01
2.964843750000000222e-01
1.256030273439999956e+00
2.094726562500000000e-01
7.412109375000000000e-01
2.916503906249999778e-01
3.134033203120000222e-01
1.893310546879999889e-01
9.104003906250000000e-01
0.000000000000000000e+00
9.353759765620000000e-01
7.573242187499999722e-02
3.867187500000000000e-01
0.000000000000000000e+00
2.280029296870000055e-01
1.450195312500000000e-01
5.317382812500000000e-01
0.000000000000000000e+00
2.368652343750000111e-01
7.839111328119999778e-01
1.546875000000000056e-01
4.350585937500000000e-01
3.899414062500000111e-01
1.804687500000000111e-01
9.192626953120000000e-01
3.399902343749999778e-01
3.061523437500000139e-02
4.270019531250000139e-02
1.546875000000000056e-01
2.793237304689999867e+00
0.000000000000000000e+00
3.625488281250000000e-01
0.000000000000000000e+00
1.554931640620000055e-01
0.000000000000000000e+00
3.867187500000000000e-01
6.445312499999999653e-03
2.698974609379999889e-01
3.424072265620000111e-01
0.000000000000000000e+00
4.455322265619999778e-01
8.056640625000000000e-03
1.611328125000000000e-01
1.111816406249999944e-01
5.188476562499999556e-01
7.025390624999999778e-01
0.000000000000000000e+00
2.545898437499999889e-01
0.000000000000000000e+00
0.000000000000000000e+00
0.000000000000000000e+00
0.000000000000000000e+00
0.000000000000000000e+00
1.799047851559999911e+00
7.218750000000000444e-01
3.061523437500000139e-02
1.198022460940000089e+00
3.544921874999999722e-02
0.000000000000000000e+00
2.400878906249999944e-01
2.006103515619999944e-01
2.868164062499999889e-01
2.360595703120000055e-01
8.056640624999999566e-04
3.327392578119999778e-01
1.289062500000000000e-01
1.506591796879999945e-01
0.000000000000000000e+00
9.426269531250000555e-02
1.836914062499999944e-01
0.000000000000000000e+00
0.000000000000000000e+00
3.641601562499999778e-01
1.474365234370000055e-01
2.370263671880000089e+00
2.376708984379999889e-01
1.772460937500000000e-01
2.900390625000000000e-01
1.132763671880000045e+00
0.000000000000000000e+00
1.047363281250000000e-01
5.043457031250000444e-01
2.263916015620000000e-01
5.639648437500000000e-01
0.000000000000000000e+00
0.000000000000000000e+00
1.554931640620000055e-01
5.800781249999999861e-02
7.130126953119999555e-01
0.000000000000000000e+00
1.209301757810000044e+00
1.933593750000000069e-02
1.691894531250000000e-01
0.000000000000000000e+00
0.000000000000000000e+00
8.862304687500000000e-02
6.525878906250000278e-02
0.000000000000000000e+00
0.000000000000000000e+00
1.354321289060000044e+00
3.222656250000000000e-01
3.174316406250000111e-01
0.000000000000000000e+00
0.000000000000000000e+00
0.000000000000000000e+00
0.000000000000000000e+00
1.812744140620000111e-01
2.320312499999999944e-01
2.698974609379999889e-01
0.000000000000000000e+00
4.842041015620000000e-01
2.690917968750000111e-01
6.832031250000000222e-01
5.285156250000000444e-01
5.696044921870000444e-01
0.000000000000000000e+00
7.492675781249999445e-02
0.000000000000000000e+00
1.877197265620000055e-01
3.536865234370000222e-01
1.944873046869999955e+00
1.804687500000000111e-01
2.832714843749999822e+00
1.611328124999999913e-03
5.687988281250000444e-01
2.320312499999999944e-01
9.909667968749999445e-02
0.000000000000000000e+00
6.123046875000000278e-02
1.321289062500000111e-01
1.466308593750000056e-01
6.445312499999999653e-03
4.600341796870000000e-01
1.514648437499999944e-01
3.222656250000000000e-01
0.000000000000000000e+00
0.000000000000000000e+00
3.552978515620000000e-01
0.000000000000000000e+00
5.478515625000000139e-02
5.929687500000000444e-01
2.360595703120000055e-01
4.310302734379999889e-01
2.124536132809999867e+00
8.991210937500000444e-01
0.000000000000000000e+00
0.000000000000000000e+00
6.477539062499999556e-01
2.980957031249999861e-02
4.012207031250000222e-01
2.825463867189999867e+00
2.167236328119999944e-01
6.131103515620000000e-01
3.786621093750000000e-01
7.250976562500000000e-02
0.000000000000000000e+00
1.353515624999999944e-01
3.947753906249999722e-02
4.592285156249999861e-02
2.304199218749999889e-01
0.000000000000000000e+00
0.000000000000000000e+00
2.513671874999999778e-01
1.651611328120000111e-01
4.270019531250000139e-02
1.353515624999999944e-01
1.135986328120000000e-01
1.063476562500000056e-01
1.023193359380000000e+00
4.511718750000000000e-01
0.000000000000000000e+00
1.079589843749999972e-01
6.163330078119999555e-01
0.000000000000000000e+00
1.885253906250000111e-01
1.192382812499999944e-01
4.656738281250000222e-01
7.089843749999999445e-02
2.545898437499999889e-01
0.000000000000000000e+00
4.124999999999999778e-01
0.000000000000000000e+00
3.480468749999999778e-01
3.488525390619999778e-01
8.129150390620000222e-01
1.053808593749999911e+00
0.000000000000000000e+00
0.000000000000000000e+00
2.094726562499999931e-02
1.724121093750000111e-01
6.558105468749999556e-01
8.483642578119999778e-01
1.915063476560000089e+00
5.961914062499999722e-02
9.909667968749999445e-02
1.353515624999999944e-01
3.923583984369999889e-01
4.608398437499999778e-01
8.282226562500000222e-01
1.247973632809999955e+00
1.989990234369999889e-01
1.134374999999999911e+00
1.385742187500000056e-01
0.000000000000000000e+00
3.432128906249999889e-01
1.417968749999999889e-01
2.529785156250000111e-01
3.947753906249999722e-02
1.611328124999999913e-03
5.478515625000000139e-02
2.997070312499999778e-01
0.000000000000000000e+00
2.741674804690000133e+00
2.143066406249999889e-01
2.594238281249999778e-01
9.667968750000000000e-02
0.000000000000000000e+00
3.851074218750000222e-01
4.028320312500000000e-02
1.683837890619999944e-01
1.530761718750000000e-01
5.800781249999999861e-02
4.189453124999999861e-02
1.240722656250000000e+00
1.595214843749999944e-01
2.320312499999999944e-01
7.573242187500000000e-01
4.270019531250000000e-01
5.317382812500000278e-02
1.102148437499999911e+00
1.184326171870000027e-01
1.289062499999999931e-02
2.879443359370000177e+00
9.184570312499999722e-02
1.385742187500000056e-01
2.255859375000000000e-01
0.000000000000000000e+00
2.215576171879999889e-01
2.771484375000000111e-01
1.877197265620000055e-01
5.051513671870000444e-01
7.250976562500000000e-02
0.000000000000000000e+00
2.239746093749999944e-01
0.000000000000000000e+00
1.998046874999999944e-01
0.000000000000000000e+00
3.456298828120000222e-01
5.156250000000000000e-01
2.497558593750000000e-01
1.748291015619999889e-01
0.000000000000000000e+00
5.075683593750000000e-01
2.497558593750000000e-01
0.000000000000000000e+00
3.101806640620000111e-01
3.641601562499999778e-01
1.836914062499999944e-01
2.875415039059999955e+00
4.842041015620000000e-01
3.512695312499999889e-01
0.000000000000000000e+00
0.000000000000000000e+00
0.000000000000000000e+00
1.289062500000000000e-01
1.466308593750000056e-01
0.000000000000000000e+00
3.093750000000000111e-01
1.200439453119999944e-01
1.289062499999999931e-02
5.849121093750000444e-01
2.948730468749999889e-01
0.000000000000000000e+00
1.780517578120000000e-01
2.626464843749999889e-01
2.078613281249999944e-01
3.037353515619999889e-01
3.963867187499999778e-01
7.557128906250000222e-01
1.160156249999999972e-01
2.062499999999999889e-01
0.000000000000000000e+00
1.095703125000000028e-01
7.976074218749999722e-02
1.828857421869999889e-01
8.024414062500000444e-01
8.862304687500000000e-02
2.094726562499999931e-02
9.941894531249999556e-01
2.329980468750000089e+00
0.000000000000000000e+00
3.125976562500000222e-01
1.053002929690000089e+00
2.835937499999999778e-01
4.672851562500000139e-02
0.000000000000000000e+00
8.701171874999999445e-02
0.000000000000000000e+00
2.352539062500000056e-01
3.190429687499999889e-01
4.221679687500000111e-01
7.943847656250000444e-01
3.222656250000000000e-01
2.175292968750000000e-01
9.104003906249999445e-02
1.401855468750000111e-01
0.000000000000000000e+00
1.127929687500000000e-01
7.734375000000000278e-02
1.740234374999999889e-01
7.412109375000000555e-02
2.892333984380000000e-01
2.239746093749999944e-01
0.000000000000000000e+00
2.626464843749999889e-01
5.599365234380000445e-01
2.223632812499999889e-01
0.000000000000000000e+00
2.892333984380000000e-01
0.000000000000000000e+00
9.265136718750000000e-02
3.093750000000000111e-01
4.543945312500000111e-01
9.958007812500000444e-01
2.868969726560000044e+00
7.976074218749999722e-02
6.574218750000000444e-01
4.697021484369999778e-01
1.031249999999999944e-01
5.671874999999999556e-01
2.513671874999999778e-01
0.000000000000000000e+00
3.883300781249999778e-01
1.683837890619999944e-01
0.000000000000000000e+00
1.021582031249999911e+00
1.321289062500000111e-01
0.000000000000000000e+00
8.056640624999999566e-04
1.256835937499999889e-01
8.378906249999999722e-02
9.909667968749999445e-02
5.526855468750000444e-01
3.851074218750000222e-01
0.000000000000000000e+00
8.717285156249999778e-01
3.480468749999999778e-01
2.529785156250000111e-01
6.960937499999999556e-01
6.235839843749999556e-01
8.862304687500000000e-02
3.746337890620000111e-01
2.610351562500000111e-01
0.000000000000000000e+00
2.860107421879999889e-01
2.481445312499999944e-01
0.000000000000000000e+00
1.380102539059999911e+00
0.000000000000000000e+00
5.156249999999999722e-02
2.408935546869999944e-01
0.000000000000000000e+00
0.000000000000000000e+00
6.445312499999999653e-03
1.635498046870000055e-01
1.305175781250000056e-01
2.529785156250000111e-01
4.922607421870000000e-01
1.401855468750000111e-01
6.687011718749999445e-02
2.352539062500000056e-01
1.522705078119999944e-01
0.000000000000000000e+00
3.593261718749999889e-01
1.063476562500000056e-01
0.000000000000000000e+00
0.000000000000000000e+00
1.474365234370000055e-01
5.639648437500000000e-02
0.000000000000000000e+00
2.997070312499999778e-01
8.862304687500000000e-02
7.089843749999999445e-02
0.000000000000000000e+00
0.000000000000000000e+00
9.023437500000000555e-02
0.000000000000000000e+00
2.481445312499999944e-01
2.239746093749999944e-01
1.345458984379999945e-01
2.779541015620000111e-01
1.772460937500000000e-01
9.829101562500000555e-02
5.446289062500000444e-01
6.944824218749999778e-01
1.127929687500000069e-02
1.176269531250000028e-01
2.626464843749999889e-01
2.771484375000000111e-01
4.479492187499999889e-01
2.288085937500000111e-01
1.160156249999999972e-01
0.000000000000000000e+00
0.000000000000000000e+00
0.000000000000000000e+00
0.000000000000000000e+00
2.674804687499999778e-01
0.000000000000000000e+00
2.143066406249999889e-01
1.466308593750000056e-01
1.562988281250000111e-01
0.000000000000000000e+00
0.000000000000000000e+00
2.400878906249999944e-01
0.000000000000000000e+00
2.384765624999999889e-01
2.102783203120000000e-01
0.000000000000000000e+00
0.000000000000000000e+00
8.056640625000000000e-02
1.748291015619999889e-01
1.611328124999999913e-03
4.044433593749999778e-01
7.436279296869999778e-01
1.533178710939999911e+00
0.000000000000000000e+00
0.000000000000000000e+00
1.885253906250000111e-01
3.125976562500000222e-01
2.932617187500000111e-01
3.061523437500000139e-02
4.084716796869999889e-01
2.207519531250000111e-01
2.384765624999999889e-01
4.278076171870000000e-01
2.425048828120000000e-01
5.156249999999999722e-02
0.000000000000000000e+00
7.009277343750000000e-01
3.166259765619999778e-01
1.772460937499999861e-02
1.869140625000000056e-01
3.657714843750000111e-01
0.000000000000000000e+00
2.739257812500000069e-02
8.741455078119999555e-01
1.587158203119999889e-01
3.198486328119999889e-01
2.796459960940000045e+00
1.675781249999999944e-01
1.305175781250000056e-01
1.933593750000000000e-01
2.860107421880000000e+00
4.439208984370000000e-01
5.035400390619999555e-01
3.915527343749999889e-01
0.000000000000000000e+00
1.086035156249999911e+00
7.492675781249999445e-02
6.268066406250000222e-01
7.218750000000000444e-01
4.576171875000000222e-01
2.747314453120000000e-01
0.000000000000000000e+00
0.000000000000000000e+00
4.713134765620000111e-01
3.045410156250000222e-01
4.624511718750000111e-01
2.191406250000000056e-01
1.053002929690000089e+00
3.093750000000000111e-01
6.614501953120000000e-01
2.827880859370000000e-01
0.000000000000000000e+00
4.294189453119999778e-01
0.000000000000000000e+00
0.000000000000000000e+00
0.000000000000000000e+00
0.000000000000000000e+00
1.216552734370000000e-01
2.642578125000000222e-01
4.713134765620000111e-01
3.005126953119999778e-01
1.992407226559999911e+00
0.000000000000000000e+00
1.289062500000000000e-01
3.448242187500000222e-01
2.007714843750000089e+00
5.156249999999999722e-02
1.546875000000000056e-01
0.000000000000000000e+00
1.031249999999999944e-01
1.575878906250000044e+00
1.784545898440000000e+00
0.000000000000000000e+00
1.836914062499999944e-01
4.028320312500000000e-02
8.701171874999999445e-02
3.351562499999999889e-01
0.000000000000000000e+00
3.270996093749999889e-01
5.293212890620000444e-01
1.208496093750000000e-01
4.253906250000000222e-01
2.868164062499999889e-01
1.144042968750000056e-01
5.156249999999999722e-02
0.000000000000000000e+00
1.482421875000000111e-01
3.142089843750000000e-01
1.047363281250000000e-01
9.917724609370000000e-01
1.949707031250000056e-01
0.000000000000000000e+00
2.167236328119999944e-01
3.399902343749999778e-01
0.000000000000000000e+00
3.689941406250000222e-01
2.416992187500000000e-02
0.000000000000000000e+00
1.504980468749999911e+00
3.488525390619999778e-01
2.465332031249999889e-01
1.764404296869999944e-01
6.123046875000000278e-02
2.980957031250000000e-01
0.000000000000000000e+00
1.369628906250000000e-01
2.030273437500000056e-01
1.998046874999999944e-01
0.000000000000000000e+00
1.007080078119999972e-01
7.935791015619999555e-01
0.000000000000000000e+00
1.289062499999999931e-02
3.222656250000000000e-02
7.049560546880000445e-01
2.271972656250000056e-01
5.639648437500000000e-02
5.317382812500000000e-01
1.217358398440000045e+00
2.014160156250000000e-01
4.576171875000000222e-01
5.301269531250000222e-01
3.399902343749999778e-01
1.498535156249999889e-01
8.701171874999999445e-02
0.000000000000000000e+00
1.226220703120000088e+00
2.666748046870000000e-01
1.401855468750000111e-01
0.000000000000000000e+00
1.111816406249999944e-01
6.284179687499999445e-02
3.440185546869999889e-01
1.224609375000000056e-01
1.611328125000000000e-02
1.740234374999999889e-01
2.674804687499999778e-01
2.465332031249999889e-01
2.126953125000000111e-01
6.340576171870000444e-01
0.000000000000000000e+00
1.981933593749999889e-01
2.798071289060000133e+00
4.833984375000000000e-01
2.159179687499999944e-01
2.263916015620000000e-01
1.989990234369999889e-01
2.948730468749999889e-01
2.839965820310000222e+00
0.000000000000000000e+00
1.264892578129999945e-01
1.264892578129999945e-01
3.609375000000000222e-01
5.744384765629999556e-01
3.045410156250000222e-01
3.190429687499999889e-01
0.000000000000000000e+00
0.000000000000000000e+00
6.187500000000000222e-01
0.000000000000000000e+00
9.748535156250000000e-01
2.964843750000000222e-01
5.083740234370000000e-01
1.998046874999999944e-01
1.772460937499999861e-02
7.460449218750000444e-01
0.000000000000000000e+00
2.835131835939999956e+00
0.000000000000000000e+00
0.000000000000000000e+00
1.076367187500000044e+00
0.000000000000000000e+00
0.000000000000000000e+00
0.000000000000000000e+00
3.303222656250000278e-02
2.175292968750000000e-01
2.948730468749999889e-01
2.167236328119999944e-01
3.311279296870000000e-01
1.313232421870000055e-01
0.000000000000000000e+00
3.504638671879999889e-01
0.000000000000000000e+00
1.562988281250000111e-01
1.885253906250000111e-01
3.593261718749999889e-01
7.702148437500000444e-01
3.254882812500000111e-01
0.000000000000000000e+00
2.038330078120000055e-01
7.122070312499999556e-01
2.869775390620000088e+00
1.401855468750000111e-01
9.667968750000000000e-02
0.000000000000000000e+00
4.954833984379999889e-01
2.416992187500000000e-02
1.699951171870000000e-01
3.101806640620000111e-01
2.388793945310000222e+00
7.250976562500000000e-02
2.618408203120000111e-01
0.000000000000000000e+00
8.403076171869999778e-01
0.000000000000000000e+00
1.772460937499999861e-02
1.186743164059999911e+00
6.123046875000000278e-02
2.094726562499999931e-02
2.626464843749999889e-01
2.591821289059999867e+00
1.804687500000000111e-01
1.079589843749999972e-01
1.861083984380000000e+00
6.767578124999999722e-02
7.573242187500000000e-01
0.000000000000000000e+00
2.513671874999999778e-01
0.000000000000000000e+00
4.648681640619999889e-01
5.349609374999999556e-01
7.734375000000000278e-02
4.270019531250000000e-01
6.445312499999999653e-03
3.770507812500000222e-01
3.480468749999999778e-01
0.000000000000000000e+00
0.000000000000000000e+00
2.644995117190000133e+00
4.914550781250000000e-01
3.335449218750000111e-01
3.480468749999999778e-01
9.345703125000000278e-02
1.998046874999999944e-01
2.908447265620000000e-01
4.511718750000000278e-02
2.231689453119999889e-01
1.546069335939999956e+00
0.000000000000000000e+00
2.707031249999999889e-01
0.000000000000000000e+00
0.000000000000000000e+00
0.000000000000000000e+00
3.222656250000000000e-01
7.428222656249999778e-01
0.000000000000000000e+00
1.587158203119999889e-01
8.540039062500000278e-02
8.258056640619999555e-01
7.621582031250000444e-01
2.505615234370000000e-01
2.046386718750000111e-01
8.193603515620000444e-01
1.369628906250000000e-01
1.031249999999999944e-01
4.833984375000000173e-03
1.144042968750000056e-01
4.656738281250000222e-01
7.677978515619999778e-01
2.175292968749999861e-02
0.000000000000000000e+00
4.052490234369999778e-01
7.734375000000000278e-02
3.544921874999999722e-02
9.974121093750000222e-01
2.513671874999999778e-01
5.937744140620000444e-01
5.800781249999999861e-02
6.848144531250000000e-02
4.793701171879999889e-01
6.445312500000000000e-02
1.780517578120000000e-01
2.425048828120000000e-01
2.980957031249999861e-02
5.059570312500000222e-01
2.553955078119999889e-01
1.362377929690000045e+00
0.000000000000000000e+00
5.639648437500000000e-02
0.000000000000000000e+00
1.675781249999999944e-01
3.448242187500000222e-01
4.858154296869999778e-01
0.000000000000000000e+00
2.739257812500000069e-02
8.781738281249999722e-02
1.611328124999999913e-03
0.000000000000000000e+00
2.449218750000000111e-01
8.217773437500000555e-02
1.741845703120000088e+00
8.459472656250000000e-02
2.865747070309999867e+00
2.099560546869999822e+00
4.866210937500000111e-01
2.545898437499999889e-01
7.412109375000000555e-02
2.239746093749999944e-01
2.288085937500000111e-01
6.195556640620000222e-01
2.003686523439999867e+00
2.368652343750000111e-01
6.767578124999999722e-02
0.000000000000000000e+00
2.135009765620000111e-01
0.000000000000000000e+00
0.000000000000000000e+00
3.641601562499999778e-01
0.000000000000000000e+00
3.544921874999999722e-02
0.000000000000000000e+00
6.284179687500000000e-01
2.723144531250000222e-01
0.000000000000000000e+00
1.998046874999999944e-01
9.941894531249999556e-01
1.981933593749999889e-01
3.287109375000000222e-01
5.808837890620000000e-01
4.833984375000000173e-03
2.392822265619999889e-01
2.030273437500000056e-01
0.000000000000000000e+00
1.218969726559999911e+00
0.000000000000000000e+00
1.160156249999999972e-01
1.308398437499999956e+00
1.256835937499999889e-01
2.964843750000000222e-01
5.639648437500000000e-02
2.497558593750000000e-01
2.562011718750000222e-01
2.610351562500000111e-01
2.167236328119999944e-01
8.056640625000000000e-03
1.039306640619999944e-01
6.848144531250000000e-02
0.000000000000000000e+00
7.250976562500000000e-02
2.715087890620000000e+00
2.900390625000000000e-01
2.288085937500000111e-01
3.714111328120000000e-01
3.891357421869999778e-01
1.289062500000000000e-01
1.272949218749999944e-01
9.345703125000000278e-02
0.000000000000000000e+00
4.833984375000000000e-02
1.321289062500000111e-01
2.131787109369999822e+00
0.000000000000000000e+00
1.144042968750000056e-01
1.637915039059999911e+00
9.748535156250000278e-02
0.000000000000000000e+00
1.248779296880000028e-01
4.543945312500000111e-01
1.611328125000000000e+00
2.578124999999999861e-02
2.094726562499999931e-02
0.000000000000000000e+00
0.000000000000000000e+00
1.780517578120000000e-01
2.827075195309999955e+00
2.312255859369999889e-01
4.108886718750000000e-01
1.812744140620000111e-01
1.200439453119999944e-01
2.416992187500000000e-01
